 2020-09-30                                                Invoice Report                                                Page:  1

      Part Name        Weeks Lead Time     Vehicle Make        Supplier Name      Supplier Rating

   Oil Leaker                 4             JAGUAR            IBM                 Highest Quality


 Order Address:  1300 E 9th St   Cleveland,OH 44114-0114
 Sched Address:  Fulfillment Dpt 1 New OrchardRd  Armonk,NY 10504-1722
 Remit Address:  Unit #819 460 W Forest  DETROIT,MI 48201-4443

 2020-09-30                                                Invoice Report                                                Page:  2

      Part Name        Weeks Lead Time     Vehicle Make        Supplier Name      Supplier Rating

   1 Dollar.01bab             4             BMW               Audi US             Highest Quality


 Order Address:  220 Ferdinand Porsche Dr  Herndon,VA 20167-3234
 Sched Address:  Not Supplied
 Remit Address:  Audi Financial    Hillsboro,OR 97132-0003

 2020-09-30                                                Invoice Report                                                Page:  3

      Part Name        Weeks Lead Time     Vehicle Make        Supplier Name      Supplier Rating

   Motor Mount                4             CHRYSLER          NAPA Autoparts      Highest Quality


 Order Address:  Not Supplied
 Sched Address:  201 Shawnee Ave   Kansas City,KS 66105-1010
 Remit Address:  Not Supplied

 2020-09-30                                                Invoice Report                                                Page:  4

      Part Name        Weeks Lead Time     Vehicle Make        Supplier Name      Supplier Rating

   Corinthean Lth             1             CHRYSLER          Hawtan Leather      Highest Quality


 Order Address:  75 Parker St   Newburyport,MA 01950-2137
 Sched Address:  Highest zip in   pass Utqlagvik,AK 99950-0011
 Remit Address:  Lowest+1 in AK pass Akutan,AK 99502-9999

 2020-09-30                                                Invoice Report                                                Page:  5

      Part Name        Weeks Lead Time     Vehicle Make        Supplier Name      Supplier Rating

   4 on the tree              2             FORD              Autokrafters        Average Quality


 Order Address:  Onlyonline But we're secretly in Wainwriight,AK 99949-0021
 Sched Address:  1st zip block  pass Washington,DC 20015-5171
 Remit Address:  Middle block DC zips pass Washington,DC 20142-9999

 2020-09-30                                                Invoice Report                                                Page:  6

      Part Name        Weeks Lead Time     Vehicle Make        Supplier Name      Supplier Rating

   Blazer adapter             4             GM                Longmire            Lowest Quality


 Order Address:  Mork from Ork  pass Boulder,CO 80307-2233
 Sched Address:  Love shack Little known pass Atlanta,GA 30306-9999
 Remit Address:  Library (sherrif's dept ) pass Absaroka,WY 82384-0002

 2020-09-30                                                Invoice Report                                                Page:  7

      Part Name        Weeks Lead Time     Vehicle Make        Supplier Name      Supplier Rating

   FahrvergnUgen              3             VOLKSWAGON        VWPartsVortex       Highest Quality


 Order Address:  Addr3 blank Should pass  Clarkesburg,WV 26301-9999
 Sched Address:  Last block of zips DC pass Capitol Heights,DC 20799-2841
 Remit Address:  Addr2 and 3 Blk   Blankville,MA 05521-1722

 2020-09-30                                                Invoice Report                                                Page:  8

      Part Name        Weeks Lead Time     Vehicle Make        Supplier Name      Supplier Rating

   Flying Booster             4             JAGUAR            Weasley MugUS       Average Quality


 Order Address:  Owlery   Goose Island,OR 97103-0001
 Sched Address:  PO Box 23 1/2   Salem,MA 01970-4117
 Remit Address:  Not Supplied

 2020-09-30                                                Invoice Report                                                Page:  9

      Part Name        Weeks Lead Time     Vehicle Make        Supplier Name      Supplier Rating

   Le Widget                  4             PEUGEOT           No US Supplier      Highest Quality


 Order Address:  3172 Peachtree    Atlanta,GA 30305-1114
 Sched Address:  Not Supplied
 Remit Address:  Not Supplied

 2020-09-30                                                Report Total                                                  Page: 10


 Total # Purchase Orders:                         9
 Total Quantity in Purchase Orders:        24999976
 Total Price Purchase Orders:        $45,349,954.64